TN:
SF:src/models/battery.ts
FN:13,clampBatteryConfig
FN:21,estimateUsableCapacity
FN:26,calculateBatteryCycles
FNF:3
FNH:3
FNDA:2,clampBatteryConfig
FNDA:1,estimateUsableCapacity
FNDA:2,calculateBatteryCycles
DA:14,2
DA:22,1
DA:23,1
DA:27,2
DA:28,1
LF:5
LH:5
BRDA:27,0,0,1
BRDA:27,0,1,1
BRF:2
BRH:2
end_of_record
TN:
SF:src/models/financial.ts
FN:18,calculateSimplePayback
FN:31,calculateNPV
FN:55,calculateIRR
FN:87,(anonymous_3)
FN:119,calculateLoanPayment
FN:136,calculateLoanBalance
FNF:6
FNH:6
FNDA:5,calculateSimplePayback
FNDA:7,calculateNPV
FNDA:7,calculateIRR
FNDA:2,(anonymous_3)
FNDA:5,calculateLoanPayment
FNDA:4,calculateLoanBalance
DA:19,5
DA:20,4
DA:21,4
DA:32,7
DA:33,7
DA:35,7
DA:36,7
DA:37,45
DA:38,45
DA:40,7
DA:56,7
DA:58,6
DA:59,6
DA:61,6
DA:63,6
DA:64,93
DA:65,93
DA:67,93
DA:68,476
DA:69,476
DA:70,476
DA:71,476
DA:74,93
DA:75,88
DA:77,87
DA:80,87
DA:81,87
DA:85,1
DA:86,1
DA:87,2
DA:88,1
DA:89,1
DA:90,1
DA:91,1
DA:92,1
DA:93,1
DA:95,0
DA:96,0
DA:97,0
DA:98,0
DA:99,0
DA:100,0
DA:101,0
DA:102,0
DA:104,0
DA:105,0
DA:109,0
DA:120,5
DA:121,3
DA:123,2
DA:125,2
DA:126,2
DA:129,2
DA:132,2
DA:142,4
DA:143,3
DA:144,3
DA:145,2
DA:147,1
DA:148,1
DA:150,1
DA:151,0
DA:152,0
DA:155,1
DA:157,1
DA:160,1
DA:161,1
LF:67
LH:54
BRDA:19,0,0,1
BRDA:19,0,1,4
BRDA:19,1,0,5
BRDA:19,1,1,5
BRDA:20,2,0,0
BRDA:20,2,1,4
BRDA:20,3,0,4
BRDA:20,3,1,4
BRDA:32,4,0,0
BRDA:32,4,1,7
BRDA:33,5,0,0
BRDA:33,5,1,7
BRDA:55,6,0,7
BRDA:56,7,0,1
BRDA:56,7,1,6
BRDA:56,8,0,7
BRDA:56,8,1,7
BRDA:74,9,0,5
BRDA:74,9,1,88
BRDA:75,10,0,1
BRDA:75,10,1,87
BRDA:75,11,0,88
BRDA:75,11,1,88
BRDA:80,12,0,3
BRDA:80,12,1,84
BRDA:81,13,0,0
BRDA:81,13,1,87
BRDA:90,14,0,0
BRDA:90,14,1,1
BRDA:90,15,0,1
BRDA:90,15,1,1
BRDA:91,16,0,0
BRDA:91,16,1,1
BRDA:92,17,0,0
BRDA:92,17,1,1
BRDA:93,18,0,1
BRDA:93,18,1,0
BRDA:98,19,0,0
BRDA:98,19,1,0
BRDA:99,20,0,0
BRDA:99,20,1,0
BRDA:100,21,0,0
BRDA:100,21,1,0
BRDA:120,22,0,2
BRDA:120,22,1,3
BRDA:121,23,0,1
BRDA:121,23,1,2
BRDA:123,24,0,0
BRDA:123,24,1,2
BRDA:142,25,0,1
BRDA:142,25,1,3
BRDA:143,26,0,0
BRDA:143,26,1,3
BRDA:144,27,0,1
BRDA:144,27,1,2
BRDA:145,28,0,1
BRDA:145,28,1,1
BRDA:150,29,0,0
BRDA:150,29,1,1
BRF:59
BRH:42
end_of_record
TN:
SF:src/models/grants.ts
FN:10,calculateGrantAmount
FN:23,(anonymous_1)
FN:29,(anonymous_2)
FN:33,getEligibleGrants
FN:34,(anonymous_4)
FNF:5
FNH:5
FNDA:7,calculateGrantAmount
FNDA:3,(anonymous_1)
FNDA:3,(anonymous_2)
FNDA:2,getEligibleGrants
FNDA:4,(anonymous_4)
DA:17,7
DA:18,3
DA:21,4
DA:24,3
DA:25,3
DA:26,3
DA:29,4
DA:30,4
DA:34,4
LF:9
LH:9
BRDA:17,0,0,3
BRDA:17,0,1,4
BRDA:17,1,0,7
BRDA:17,1,1,7
BRF:4
BRH:4
end_of_record
TN:
SF:src/models/solar.ts
FN:20,calculateAnnualGeneration
FN:30,(anonymous_1)
FN:48,calculateMonthlyGeneration
FN:61,(anonymous_3)
FN:64,(anonymous_4)
FN:79,applyDegradation
FN:85,calculateMedian
FN:86,(anonymous_7)
FN:91,calculatePercentile
FN:93,(anonymous_9)
FNF:10
FNH:10
FNDA:7,calculateAnnualGeneration
FNDA:43,(anonymous_1)
FNDA:2,calculateMonthlyGeneration
FNDA:12,(anonymous_3)
FNDA:12,(anonymous_4)
FNDA:35,applyDegradation
FNDA:5,calculateMedian
FNDA:99,(anonymous_7)
FNDA:3,calculatePercentile
FNDA:18,(anonymous_9)
DA:26,7
DA:28,7
DA:29,5
DA:30,43
DA:31,5
DA:32,5
DA:33,5
DA:38,2
DA:41,2
DA:53,2
DA:55,2
DA:59,2
DA:60,2
DA:61,12
DA:64,1
DA:65,12
DA:66,12
DA:67,12
DA:68,12
DA:69,12
DA:80,35
DA:81,35
DA:82,29
DA:86,99
DA:87,5
DA:88,5
DA:92,3
DA:93,18
DA:94,3
DA:95,3
DA:96,3
DA:97,3
DA:98,3
DA:99,3
LF:34
LH:34
BRDA:24,0,0,7
BRDA:26,1,0,0
BRDA:26,1,1,7
BRDA:26,2,0,7
BRDA:26,2,1,7
BRDA:28,3,0,5
BRDA:28,3,1,2
BRDA:28,4,0,7
BRDA:28,4,1,6
BRDA:31,5,0,5
BRDA:31,5,1,0
BRDA:53,6,0,0
BRDA:53,6,1,2
BRDA:53,7,0,2
BRDA:53,7,1,2
BRDA:60,8,0,1
BRDA:60,8,1,1
BRDA:67,9,0,12
BRDA:67,9,1,0
BRDA:68,10,0,12
BRDA:68,10,1,0
BRDA:68,11,0,12
BRDA:68,11,1,12
BRDA:79,12,0,35
BRDA:80,13,0,0
BRDA:80,13,1,35
BRDA:80,14,0,35
BRDA:80,14,1,35
BRDA:81,15,0,6
BRDA:81,15,1,29
BRDA:81,16,0,35
BRDA:81,16,1,35
BRDA:88,17,0,4
BRDA:88,17,1,1
BRDA:92,18,0,0
BRDA:92,18,1,3
BRF:36
BRH:29
end_of_record
TN:
SF:src/models/tariffs.ts
FN:15,calculateElectricityCost
FN:31,calculateSavings
FN:37,getAverageImportRate
FN:42,(anonymous_3)
FN:45,projectFutureTariffs
FN:72,(anonymous_5)
FNF:6
FNH:6
FNDA:2,calculateElectricityCost
FNDA:34,calculateSavings
FNDA:37,getAverageImportRate
FNDA:2,(anonymous_3)
FNDA:2,projectFutureTariffs
FNDA:2,(anonymous_5)
DA:20,2
DA:22,1
DA:24,1
DA:25,1
DA:27,1
DA:28,2
DA:32,34
DA:33,34
DA:34,34
DA:38,37
DA:39,37
DA:42,2
DA:51,2
DA:53,2
DA:55,1
DA:56,2
DA:58,1
DA:59,1
DA:61,1
DA:62,1
DA:65,1
DA:66,1
DA:67,1
DA:69,1
DA:70,1
DA:72,2
LF:26
LH:26
BRDA:18,0,0,2
BRDA:20,1,0,1
BRDA:20,1,1,1
BRDA:20,2,0,2
BRDA:20,2,1,2
BRDA:27,3,0,1
BRDA:27,3,1,0
BRDA:38,4,0,0
BRDA:38,4,1,37
BRDA:39,5,0,36
BRDA:39,5,1,1
BRDA:49,6,0,2
BRDA:51,7,0,0
BRDA:51,7,1,2
BRDA:53,8,0,1
BRDA:53,8,1,1
BRDA:55,9,0,1
BRDA:55,9,1,0
BRDA:56,10,0,0
BRDA:56,10,1,2
BRDA:70,11,0,0
BRDA:70,11,1,1
BRF:22
BRH:16
end_of_record
TN:
SF:src/models/trading.ts
FN:3,calculateTradingRevenue
FNF:1
FNH:1
FNDA:35,calculateTradingRevenue
DA:8,35
DA:9,2
DA:10,1
DA:15,1
DA:16,1
LF:5
LH:5
BRDA:8,0,0,33
BRDA:8,0,1,2
BRDA:9,1,0,1
BRDA:9,1,1,1
BRDA:9,2,0,2
BRDA:9,2,1,1
BRF:6
BRH:6
end_of_record
TN:
SF:src/utils/calculations.ts
FN:28,runCalculation
FN:85,(anonymous_1)
FN:106,estimateSelfConsumption
FNF:3
FNH:3
FNDA:4,runCalculation
FNDA:32,(anonymous_1)
FNDA:4,estimateSelfConsumption
DA:38,4
DA:40,4
DA:41,4
DA:43,4
DA:44,4
DA:45,4
DA:48,4
DA:50,4
DA:52,4
DA:53,4
DA:54,4
DA:56,4
DA:57,4
DA:59,4
DA:60,32
DA:61,32
DA:62,32
DA:65,32
DA:67,32
DA:68,32
DA:70,32
DA:72,32
DA:73,32
DA:75,32
DA:85,32
DA:86,4
DA:88,4
DA:89,4
DA:90,4
DA:92,4
DA:107,4
DA:109,4
DA:111,4
DA:112,4
DA:114,0
DA:115,0
DA:117,0
DA:118,0
DA:121,0
DA:122,0
DA:125,4
DA:126,4
LF:42
LH:36
BRDA:35,0,0,4
BRDA:36,1,0,4
BRDA:45,2,0,0
BRDA:45,2,1,4
BRDA:48,3,0,2
BRDA:48,3,1,2
BRDA:70,4,0,15
BRDA:70,4,1,17
BRDA:86,5,0,4
BRDA:86,5,1,0
BRDA:109,6,0,4
BRDA:109,6,1,0
BRDA:109,6,2,0
BRDA:109,6,3,0
BRDA:109,6,4,0
BRF:15
BRH:9
end_of_record
